[2025.02.28 22:05:10] I Received request: {'body': {'account': 'horns&hoofs', 'login': 'h&f', 'method': 'online_score', 'token': '', 'arguments': {}}, 'headers': {}}
[2025.02.28 22:05:10] I Received request: {'body': {}, 'headers': {}}
[2025.02.28 22:05:10] I Received request: {'body': {'account': 'horns&hoofs', 'login': 'h&f', 'method': 'clients_interests', 'arguments': {}, 'token': '55cc9ce545bcd144300fe9efc28e65d415b923ebb6be1e19d2750a2c03e80dd209a27954dca045e5bb12418e7d89b6d718a9e35af34e14e1d5bcd5a08f21fc95'}, 'headers': {}}
[2025.02.28 22:05:10] I Received request: {'body': {'account': 'horns&hoofs', 'login': 'h&f', 'method': 'online_score', 'token': '55cc9ce545bcd144300fe9efc28e65d415b923ebb6be1e19d2750a2c03e80dd209a27954dca045e5bb12418e7d89b6d718a9e35af34e14e1d5bcd5a08f21fc95'}, 'headers': {}}
[2025.02.28 22:05:10] I Received request: {'body': {'account': 'horns&hoofs', 'login': 'h&f', 'method': 'online_score', 'arguments': {}, 'token': '55cc9ce545bcd144300fe9efc28e65d415b923ebb6be1e19d2750a2c03e80dd209a27954dca045e5bb12418e7d89b6d718a9e35af34e14e1d5bcd5a08f21fc95'}, 'headers': {}}
[2025.02.28 22:05:10] I Received request: {'body': {'account': 'horns&hoofs', 'login': 'h&f', 'method': 'clients_interests', 'arguments': {'client_ids': [1, 2, 3], 'date': '28.02.2025'}, 'token': '55cc9ce545bcd144300fe9efc28e65d415b923ebb6be1e19d2750a2c03e80dd209a27954dca045e5bb12418e7d89b6d718a9e35af34e14e1d5bcd5a08f21fc95'}, 'headers': {}}
[2025.02.28 22:05:10] I Received request: {'body': {'account': 'horns&hoofs', 'login': 'admin', 'method': 'online_score', 'arguments': {'phone': '79175002040', 'email': 'stupnikov@otus.ru'}, 'token': '59232b774a2cd1ac035fab1362aee5b2740cf51248bbacfab22452e945214f4a54107b4a28b877bff3c67e36a537d4685c1b9ea80e8dec1a7a6398777b6406f3'}, 'headers': {}}
[2025.02.28 22:05:10] I Received request: {'body': {'account': 'horns&hoofs', 'login': 'h&f', 'method': 'online_score', 'arguments': {'phone': '79175002040', 'email': 'stupnikov@otus.ru'}, 'token': '55cc9ce545bcd144300fe9efc28e65d415b923ebb6be1e19d2750a2c03e80dd209a27954dca045e5bb12418e7d89b6d718a9e35af34e14e1d5bcd5a08f21fc95'}, 'headers': {}}
[2025.02.28 22:09:15] I Starting server at 8080
[2025.02.28 22:10:17] I Received request: {'body': {'account': 'horns&hoofs', 'login': 'h&f', 'method': 'online_score', 'token': '', 'arguments': {}}, 'headers': {}}
[2025.02.28 22:10:17] I Received request: {'body': {}, 'headers': {}}
[2025.02.28 22:10:17] I Received request: {'body': {'account': 'horns&hoofs', 'login': 'h&f', 'method': 'clients_interests', 'arguments': {}, 'token': '55cc9ce545bcd144300fe9efc28e65d415b923ebb6be1e19d2750a2c03e80dd209a27954dca045e5bb12418e7d89b6d718a9e35af34e14e1d5bcd5a08f21fc95'}, 'headers': {}}
[2025.02.28 22:10:17] I Received request: {'body': {'account': 'horns&hoofs', 'login': 'h&f', 'method': 'online_score', 'token': '55cc9ce545bcd144300fe9efc28e65d415b923ebb6be1e19d2750a2c03e80dd209a27954dca045e5bb12418e7d89b6d718a9e35af34e14e1d5bcd5a08f21fc95'}, 'headers': {}}
[2025.02.28 22:10:17] I Received request: {'body': {'account': 'horns&hoofs', 'login': 'h&f', 'method': 'online_score', 'arguments': {}, 'token': '55cc9ce545bcd144300fe9efc28e65d415b923ebb6be1e19d2750a2c03e80dd209a27954dca045e5bb12418e7d89b6d718a9e35af34e14e1d5bcd5a08f21fc95'}, 'headers': {}}
[2025.02.28 22:10:17] I Received request: {'body': {'account': 'horns&hoofs', 'login': 'h&f', 'method': 'clients_interests', 'arguments': {'client_ids': [1, 2, 3], 'date': '28.02.2025'}, 'token': '55cc9ce545bcd144300fe9efc28e65d415b923ebb6be1e19d2750a2c03e80dd209a27954dca045e5bb12418e7d89b6d718a9e35af34e14e1d5bcd5a08f21fc95'}, 'headers': {}}
[2025.02.28 22:10:17] I Received request: {'body': {'account': 'horns&hoofs', 'login': 'admin', 'method': 'online_score', 'arguments': {'phone': '79175002040', 'email': 'stupnikov@otus.ru'}, 'token': '59232b774a2cd1ac035fab1362aee5b2740cf51248bbacfab22452e945214f4a54107b4a28b877bff3c67e36a537d4685c1b9ea80e8dec1a7a6398777b6406f3'}, 'headers': {}}
[2025.02.28 22:10:17] I Received request: {'body': {'account': 'horns&hoofs', 'login': 'h&f', 'method': 'online_score', 'arguments': {'phone': '79175002040', 'email': 'stupnikov@otus.ru'}, 'token': '55cc9ce545bcd144300fe9efc28e65d415b923ebb6be1e19d2750a2c03e80dd209a27954dca045e5bb12418e7d89b6d718a9e35af34e14e1d5bcd5a08f21fc95'}, 'headers': {}}
[2025.02.28 22:27:17] I Received request: {'body': {'account': 'horns&hoofs', 'login': 'h&f', 'method': 'online_score', 'token': '', 'arguments': {}}, 'headers': {}}
[2025.02.28 22:27:17] I Received request: {'body': {}, 'headers': {}}
[2025.02.28 22:27:17] I Received request: {'body': {'account': 'horns&hoofs', 'login': 'h&f', 'method': 'clients_interests', 'arguments': {}, 'token': '55cc9ce545bcd144300fe9efc28e65d415b923ebb6be1e19d2750a2c03e80dd209a27954dca045e5bb12418e7d89b6d718a9e35af34e14e1d5bcd5a08f21fc95'}, 'headers': {}}
[2025.02.28 22:27:17] I Received request: {'body': {'account': 'horns&hoofs', 'login': 'h&f', 'method': 'online_score', 'token': '55cc9ce545bcd144300fe9efc28e65d415b923ebb6be1e19d2750a2c03e80dd209a27954dca045e5bb12418e7d89b6d718a9e35af34e14e1d5bcd5a08f21fc95'}, 'headers': {}}
[2025.02.28 22:27:17] I Received request: {'body': {'account': 'horns&hoofs', 'login': 'h&f', 'method': 'online_score', 'arguments': {}, 'token': '55cc9ce545bcd144300fe9efc28e65d415b923ebb6be1e19d2750a2c03e80dd209a27954dca045e5bb12418e7d89b6d718a9e35af34e14e1d5bcd5a08f21fc95'}, 'headers': {}}
[2025.02.28 22:27:17] I Received request: {'body': {'account': 'horns&hoofs', 'login': 'h&f', 'method': 'clients_interests', 'arguments': {'client_ids': [1, 2, 3], 'date': '28.02.2025'}, 'token': '55cc9ce545bcd144300fe9efc28e65d415b923ebb6be1e19d2750a2c03e80dd209a27954dca045e5bb12418e7d89b6d718a9e35af34e14e1d5bcd5a08f21fc95'}, 'headers': {}}
[2025.02.28 22:27:17] I Received request: {'body': {'account': 'horns&hoofs', 'login': 'admin', 'method': 'online_score', 'arguments': {'phone': '79175002040', 'email': 'stupnikov@otus.ru'}, 'token': '59232b774a2cd1ac035fab1362aee5b2740cf51248bbacfab22452e945214f4a54107b4a28b877bff3c67e36a537d4685c1b9ea80e8dec1a7a6398777b6406f3'}, 'headers': {}}
[2025.02.28 22:27:17] I Received request: {'body': {'account': 'horns&hoofs', 'login': 'h&f', 'method': 'online_score', 'arguments': {'phone': '79175002040', 'email': 'stupnikov@otus.ru'}, 'token': '55cc9ce545bcd144300fe9efc28e65d415b923ebb6be1e19d2750a2c03e80dd209a27954dca045e5bb12418e7d89b6d718a9e35af34e14e1d5bcd5a08f21fc95'}, 'headers': {}}
[2025.02.28 22:50:41] I Received request: {'body': {'account': 'horns&hoofs', 'login': 'h&f', 'method': 'online_score', 'token': '', 'arguments': {}}, 'headers': {}}
[2025.02.28 22:50:41] I Received request: {'body': {}, 'headers': {}}
[2025.02.28 22:50:41] I Received request: {'body': {'account': 'horns&hoofs', 'login': 'h&f', 'method': 'clients_interests', 'arguments': {}, 'token': '55cc9ce545bcd144300fe9efc28e65d415b923ebb6be1e19d2750a2c03e80dd209a27954dca045e5bb12418e7d89b6d718a9e35af34e14e1d5bcd5a08f21fc95'}, 'headers': {}}
[2025.02.28 22:50:41] I Received request: {'body': {'account': 'horns&hoofs', 'login': 'h&f', 'method': 'online_score', 'token': '55cc9ce545bcd144300fe9efc28e65d415b923ebb6be1e19d2750a2c03e80dd209a27954dca045e5bb12418e7d89b6d718a9e35af34e14e1d5bcd5a08f21fc95'}, 'headers': {}}
[2025.02.28 22:50:41] I Received request: {'body': {'account': 'horns&hoofs', 'login': 'h&f', 'method': 'online_score', 'arguments': {}, 'token': '55cc9ce545bcd144300fe9efc28e65d415b923ebb6be1e19d2750a2c03e80dd209a27954dca045e5bb12418e7d89b6d718a9e35af34e14e1d5bcd5a08f21fc95'}, 'headers': {}}
[2025.02.28 22:50:41] I Received request: {'body': {'account': 'horns&hoofs', 'login': 'h&f', 'method': 'clients_interests', 'arguments': {'client_ids': [1, 2, 3], 'date': '28.02.2025'}, 'token': '55cc9ce545bcd144300fe9efc28e65d415b923ebb6be1e19d2750a2c03e80dd209a27954dca045e5bb12418e7d89b6d718a9e35af34e14e1d5bcd5a08f21fc95'}, 'headers': {}}
[2025.02.28 22:50:41] I Received request: {'body': {'account': 'horns&hoofs', 'login': 'admin', 'method': 'online_score', 'arguments': {'phone': '79175002040', 'email': 'stupnikov@otus.ru'}, 'token': '59232b774a2cd1ac035fab1362aee5b2740cf51248bbacfab22452e945214f4a54107b4a28b877bff3c67e36a537d4685c1b9ea80e8dec1a7a6398777b6406f3'}, 'headers': {}}
[2025.02.28 22:50:41] I Received request: {'body': {'account': 'horns&hoofs', 'login': 'h&f', 'method': 'online_score', 'arguments': {'phone': '79175002040', 'email': 'stupnikov@otus.ru'}, 'token': '55cc9ce545bcd144300fe9efc28e65d415b923ebb6be1e19d2750a2c03e80dd209a27954dca045e5bb12418e7d89b6d718a9e35af34e14e1d5bcd5a08f21fc95'}, 'headers': {}}
